0 info it worked if it ends with ok
1 verbose cli [ '/usr/local/bin/node',
1 verbose cli   '/usr/local/bin/npm',
1 verbose cli   'install',
1 verbose cli   'markov.js',
1 verbose cli   '--save' ]
2 info using npm@3.10.10
3 info using node@v7.3.0
4 silly loadCurrentTree Starting
5 silly install loadCurrentTree
6 silly install readLocalPackageData
7 silly fetchPackageMetaData markov.js
8 silly fetchOtherPackageData markov.js
9 silly cache add args [ 'markov.js', null ]
10 verbose cache add spec markov.js
11 silly cache add parsed spec Result {
11 silly cache add   raw: 'markov.js',
11 silly cache add   scope: null,
11 silly cache add   escapedName: 'markov.js',
11 silly cache add   name: null,
11 silly cache add   rawSpec: 'markov.js',
11 silly cache add   spec: '/Users/emilymalecbrown/Desktop/personal_projects/elliottsmith_markov/markov.js',
11 silly cache add   type: 'local' }
12 silly addLocalTarball shasum (computed) 345fab89f37048401b3b44709daaf15d5e60016d
13 verbose addTmpTarball /Users/emilymalecbrown/Desktop/personal_projects/elliottsmith_markov/markov.js not in flight; adding
14 verbose correctMkdir /Users/emilymalecbrown/.npm correctMkdir not in flight; initializing
15 verbose addTmpTarball validating metadata from /Users/emilymalecbrown/Desktop/personal_projects/elliottsmith_markov/markov.js
16 verbose tar unpack /Users/emilymalecbrown/Desktop/personal_projects/elliottsmith_markov/markov.js
17 verbose tar unpacking to /var/folders/ml/z6lp0x7s5czdq09pvllnk4cm0000gn/T/npm-1878-d780893e/unpack-41d8187d
18 silly gentlyRm /var/folders/ml/z6lp0x7s5czdq09pvllnk4cm0000gn/T/npm-1878-d780893e/unpack-41d8187d is being purged
19 verbose gentlyRm don't care about contents; nuking /var/folders/ml/z6lp0x7s5czdq09pvllnk4cm0000gn/T/npm-1878-d780893e/unpack-41d8187d
20 silly gunzTarPerm modes [ '755', '644' ]
21 error not a package /Users/emilymalecbrown/Desktop/personal_projects/elliottsmith_markov/markov.js
22 error addLocal Could not install /Users/emilymalecbrown/Desktop/personal_projects/elliottsmith_markov/markov.js
23 silly fetchPackageMetaData Error: ENOENT: no such file or directory, open '/var/folders/ml/z6lp0x7s5czdq09pvllnk4cm0000gn/T/npm-1878-d780893e/unpack-41d8187d/package.json'
23 silly fetchPackageMetaData  error for markov.js { Error: ENOENT: no such file or directory, open '/var/folders/ml/z6lp0x7s5czdq09pvllnk4cm0000gn/T/npm-1878-d780893e/unpack-41d8187d/package.json'
23 silly fetchPackageMetaData   errno: -2,
23 silly fetchPackageMetaData   code: 'ENOENT',
23 silly fetchPackageMetaData   syscall: 'open',
23 silly fetchPackageMetaData   path: '/var/folders/ml/z6lp0x7s5czdq09pvllnk4cm0000gn/T/npm-1878-d780893e/unpack-41d8187d/package.json' }
24 silly rollbackFailedOptional Starting
25 silly rollbackFailedOptional Finishing
26 silly runTopLevelLifecycles Finishing
27 silly install printInstalled
28 verbose stack Error: ENOENT: no such file or directory, open '/var/folders/ml/z6lp0x7s5czdq09pvllnk4cm0000gn/T/npm-1878-d780893e/unpack-41d8187d/package.json'
29 verbose cwd /Users/emilymalecbrown/Desktop/personal_projects/elliottsmith_markov
30 error Darwin 16.1.0
31 error argv "/usr/local/bin/node" "/usr/local/bin/npm" "install" "markov.js" "--save"
32 error node v7.3.0
33 error npm  v3.10.10
34 error path /var/folders/ml/z6lp0x7s5czdq09pvllnk4cm0000gn/T/npm-1878-d780893e/unpack-41d8187d/package.json
35 error code ENOENT
36 error errno -2
37 error syscall open
38 error enoent ENOENT: no such file or directory, open '/var/folders/ml/z6lp0x7s5czdq09pvllnk4cm0000gn/T/npm-1878-d780893e/unpack-41d8187d/package.json'
39 error enoent ENOENT: no such file or directory, open '/var/folders/ml/z6lp0x7s5czdq09pvllnk4cm0000gn/T/npm-1878-d780893e/unpack-41d8187d/package.json'
39 error enoent This is most likely not a problem with npm itself
39 error enoent and is related to npm not being able to find a file.
40 verbose exit [ -2, true ]
